[2023-06-01 10:32:00.599] [exthost] [info] extension host started
[2023-06-01 10:32:01.457] [exthost] [info] extension host started
[2023-06-01 10:32:01.532] [exthost] [info] ExtensionService#_doActivateExtension vscode.grunt {"startup":false,"extensionId":{"value":"vscode.grunt","_lower":"vscode.grunt"},"activationEvent":"onCommand:workbench.action.tasks.runTask"}
[2023-06-01 10:32:01.534] [exthost] [info] ExtensionService#loadCommonJSModule file:///c:/Users/손윤정/eclipse/plugins/com.genuitec.eclipse.code.engine.app.win32.x86_64_3.6.0.202002212104/engine/resources/app/extensions/grunt/dist/main
[2023-06-01 10:32:01.562] [exthost] [info] ExtensionService#_doActivateExtension vscode.gulp {"startup":false,"extensionId":{"value":"vscode.gulp","_lower":"vscode.gulp"},"activationEvent":"onCommand:workbench.action.tasks.runTask"}
[2023-06-01 10:32:01.562] [exthost] [info] ExtensionService#loadCommonJSModule file:///c:/Users/손윤정/eclipse/plugins/com.genuitec.eclipse.code.engine.app.win32.x86_64_3.6.0.202002212104/engine/resources/app/extensions/gulp/dist/main
[2023-06-01 10:32:01.588] [exthost] [info] ExtensionService#_doActivateExtension vscode.jake {"startup":false,"extensionId":{"value":"vscode.jake","_lower":"vscode.jake"},"activationEvent":"onCommand:workbench.action.tasks.runTask"}
[2023-06-01 10:32:01.589] [exthost] [info] ExtensionService#loadCommonJSModule file:///c:/Users/손윤정/eclipse/plugins/com.genuitec.eclipse.code.engine.app.win32.x86_64_3.6.0.202002212104/engine/resources/app/extensions/jake/dist/main
[2023-06-01 10:32:01.599] [exthost] [info] ExtensionService#_doActivateExtension vscode.npm {"startup":false,"extensionId":{"value":"vscode.npm","_lower":"vscode.npm"},"activationEvent":"onCommand:workbench.action.tasks.runTask"}
[2023-06-01 10:32:01.599] [exthost] [info] ExtensionService#loadCommonJSModule file:///c:/Users/손윤정/eclipse/plugins/com.genuitec.eclipse.code.engine.app.win32.x86_64_3.6.0.202002212104/engine/resources/app/extensions/npm/dist/main
[2023-06-01 10:32:01.676] [exthost] [info] ExtensionService#_doActivateExtension vscode.typescript-language-features {"startup":false,"extensionId":{"value":"vscode.typescript-language-features","_lower":"vscode.typescript-language-features"},"activationEvent":"onCommand:workbench.action.tasks.runTask"}
[2023-06-01 10:32:01.676] [exthost] [info] ExtensionService#loadCommonJSModule file:///c:/Users/손윤정/eclipse/plugins/com.genuitec.eclipse.code.engine.app.win32.x86_64_3.6.0.202002212104/engine/resources/app/extensions/typescript-language-features/dist/extension
[2023-06-01 10:32:01.767] [exthost] [info] ExtensionService#_doActivateExtension HookyQR.beautify {"startup":true,"extensionId":{"value":"HookyQR.beautify","_lower":"hookyqr.beautify"},"activationEvent":"*"}
[2023-06-01 10:32:01.767] [exthost] [info] ExtensionService#loadCommonJSModule file:///c:/Users/손윤정/eclipse/plugins/pack.core.win_3.6.0.202007171759/HookyQR.beautify-1.4.11/extension
[2023-06-01 10:32:01.980] [exthost] [info] ExtensionService#_doActivateExtension christian-kohler.path-intellisense {"startup":true,"extensionId":{"value":"christian-kohler.path-intellisense","_lower":"christian-kohler.path-intellisense"},"activationEvent":"*"}
[2023-06-01 10:32:01.980] [exthost] [info] ExtensionService#loadCommonJSModule file:///c:/Users/손윤정/eclipse/plugins/pack.core.win_3.6.0.202007171759/christian-kohler.path-intellisense-1.4.2/out/src/extension
[2023-06-01 10:32:02.042] [exthost] [info] ExtensionService#_doActivateExtension dbaeumer.vscode-eslint {"startup":true,"extensionId":{"value":"dbaeumer.vscode-eslint","_lower":"dbaeumer.vscode-eslint"},"activationEvent":"*"}
[2023-06-01 10:32:02.042] [exthost] [info] ExtensionService#loadCommonJSModule file:///c:/Users/손윤정/eclipse/plugins/pack.core.win_3.6.0.202007171759/dbaeumer.vscode-eslint-1.9.0/client/out/extension
[2023-06-01 10:32:02.080] [exthost] [info] ExtensionService#_doActivateExtension vscode.debug-auto-launch {"startup":true,"extensionId":{"value":"vscode.debug-auto-launch","_lower":"vscode.debug-auto-launch"},"activationEvent":"*"}
[2023-06-01 10:32:02.080] [exthost] [info] ExtensionService#loadCommonJSModule file:///c:/Users/손윤정/eclipse/plugins/com.genuitec.eclipse.code.engine.app.win32.x86_64_3.6.0.202002212104/engine/resources/app/extensions/debug-auto-launch/dist/extension
[2023-06-01 10:32:02.093] [exthost] [info] ExtensionService#_doActivateExtension vscode.emmet {"startup":true,"extensionId":{"value":"vscode.emmet","_lower":"vscode.emmet"},"activationEvent":"*"}
[2023-06-01 10:32:02.093] [exthost] [info] ExtensionService#loadCommonJSModule file:///c:/Users/손윤정/eclipse/plugins/com.genuitec.eclipse.code.engine.app.win32.x86_64_3.6.0.202002212104/engine/resources/app/extensions/emmet/dist/extension
[2023-06-01 10:32:02.151] [exthost] [info] ExtensionService#_doActivateExtension formulahendry.auto-close-tag {"startup":true,"extensionId":{"value":"formulahendry.auto-close-tag","_lower":"formulahendry.auto-close-tag"},"activationEvent":"*"}
[2023-06-01 10:32:02.152] [exthost] [info] ExtensionService#loadCommonJSModule file:///c:/Users/손윤정/eclipse/plugins/pack.core.win_3.6.0.202007171759/formulahendry.auto-close-tag-0.5.6/out/src/extension
[2023-06-01 10:32:02.191] [exthost] [info] eager extensions activated
